2016-02-22 13:22:06,673 [Worker-1] INFO  o.e.m.c.i.p.ProjectConfigurationManager - Collecting project info '/pom.xml' C:\Users\Shaindy\workspace\MCO 243\neustadt.mco243\pom.xml
2016-02-22 13:22:08,530 [Worker-1] INFO  o.e.m.c.i.l.LifecycleMappingFactory - Using org.eclipse.m2e.jdt.JarLifecycleMapping lifecycle mapping for MavenProject: neustadt-mco243:neustadt.mco243:0.0.1-SNAPSHOT @ C:\Users\Shaindy\workspace\MCO 243\neustadt.mco243\pom.xml.
2016-02-22 13:22:09,088 [Worker-1] INFO  o.e.m.j.i.AbstractJavaProjectConfigurator - Adding source folder /neustadt.mco243/src/main/java
2016-02-22 13:22:09,094 [Worker-1] INFO  o.e.m.j.i.AbstractJavaProjectConfigurator - Adding source folder /neustadt.mco243/src/test/java
2016-02-22 13:22:09,184 [Worker-1] INFO  o.e.m.c.i.p.ProjectConfigurationManager - Imported and configured 1 project(s) in 2 sec
2016-02-22 13:22:09,543 [Worker-2] INFO  o.e.m.c.i.l.LifecycleMappingFactory - Using org.eclipse.m2e.jdt.JarLifecycleMapping lifecycle mapping for MavenProject: neustadt-mco243:neustadt.mco243:0.0.1-SNAPSHOT @ C:\Users\Shaindy\workspace\MCO 243\neustadt.mco243\pom.xml.
2016-02-22 13:22:10,440 [Worker-5] INFO  o.e.m.c.i.embedder.EclipseLogger - Using 'UTF-8' encoding to copy filtered resources.
2016-02-22 13:22:10,440 [Worker-5] INFO  o.e.m.c.i.embedder.EclipseLogger - skip non existing resourceDirectory C:\Users\Shaindy\workspace\MCO 243\neustadt.mco243\src\main\resources
2016-02-22 13:22:10,444 [Worker-5] INFO  o.e.m.c.i.embedder.EclipseLogger - Using 'UTF-8' encoding to copy filtered resources.
2016-02-22 13:22:10,444 [Worker-5] INFO  o.e.m.c.i.embedder.EclipseLogger - skip non existing resourceDirectory C:\Users\Shaindy\workspace\MCO 243\neustadt.mco243\src\test\resources
2016-02-22 13:22:44,423 [Worker-7] INFO  o.e.m.c.i.p.ProjectConfigurationManager - Collecting project info '/pom.xml' C:\Users\Shaindy\workspace\MCO 243\neustadt-mco243\pom.xml
2016-02-22 13:22:44,547 [Worker-7] INFO  o.e.m.c.i.l.LifecycleMappingFactory - Using org.eclipse.m2e.jdt.JarLifecycleMapping lifecycle mapping for MavenProject: neustadt-mco243:neustadt-mco243:0.0.1-SNAPSHOT @ C:\Users\Shaindy\workspace\MCO 243\neustadt-mco243\pom.xml.
2016-02-22 13:22:44,660 [Worker-7] INFO  o.e.m.j.i.AbstractJavaProjectConfigurator - Adding source folder /neustadt-mco243/src/main/java
2016-02-22 13:22:44,666 [Worker-7] INFO  o.e.m.j.i.AbstractJavaProjectConfigurator - Adding source folder /neustadt-mco243/src/test/java
2016-02-22 13:22:44,742 [Worker-7] INFO  o.e.m.c.i.p.ProjectConfigurationManager - Imported and configured 1 project(s) in 0 sec
2016-02-22 13:22:45,081 [Worker-6] INFO  o.e.m.c.i.l.LifecycleMappingFactory - Using org.eclipse.m2e.jdt.JarLifecycleMapping lifecycle mapping for MavenProject: neustadt-mco243:neustadt-mco243:0.0.1-SNAPSHOT @ C:\Users\Shaindy\workspace\MCO 243\neustadt-mco243\pom.xml.
2016-02-22 13:22:45,316 [Worker-6] INFO  o.e.m.c.i.embedder.EclipseLogger - Using 'UTF-8' encoding to copy filtered resources.
2016-02-22 13:22:45,317 [Worker-6] INFO  o.e.m.c.i.embedder.EclipseLogger - skip non existing resourceDirectory C:\Users\Shaindy\workspace\MCO 243\neustadt-mco243\src\main\resources
2016-02-22 13:22:45,319 [Worker-6] INFO  o.e.m.c.i.embedder.EclipseLogger - Using 'UTF-8' encoding to copy filtered resources.
2016-02-22 13:22:45,319 [Worker-6] INFO  o.e.m.c.i.embedder.EclipseLogger - skip non existing resourceDirectory C:\Users\Shaindy\workspace\MCO 243\neustadt-mco243\src\test\resources
2016-02-22 13:22:45,923 [Worker-5] INFO  o.e.m.c.i.l.LifecycleMappingFactory - Using org.eclipse.m2e.jdt.JarLifecycleMapping lifecycle mapping for MavenProject: neustadt-mco243:neustadt-mco243:0.0.1-SNAPSHOT @ C:\Users\Shaindy\workspace\MCO 243\neustadt-mco243\pom.xml.
2016-02-22 13:22:46,378 [Worker-6] INFO  o.e.m.c.i.embedder.EclipseLogger - Using 'UTF-8' encoding to copy filtered resources.
2016-02-22 13:22:46,379 [Worker-6] INFO  o.e.m.c.i.embedder.EclipseLogger - skip non existing resourceDirectory C:\Users\Shaindy\workspace\MCO 243\neustadt-mco243\src\main\resources
2016-02-22 13:22:46,382 [Worker-6] INFO  o.e.m.c.i.embedder.EclipseLogger - Using 'UTF-8' encoding to copy filtered resources.
2016-02-22 13:22:46,382 [Worker-6] INFO  o.e.m.c.i.embedder.EclipseLogger - skip non existing resourceDirectory C:\Users\Shaindy\workspace\MCO 243\neustadt-mco243\src\test\resources
2016-02-22 13:22:57,534 [Worker-6] INFO  o.e.m.c.i.embedder.EclipseLogger - Using 'UTF-8' encoding to copy filtered resources.
2016-02-22 13:22:57,535 [Worker-6] INFO  o.e.m.c.i.embedder.EclipseLogger - skip non existing resourceDirectory C:\Users\Shaindy\workspace\MCO 243\neustadt-mco243\src\main\resources
2016-02-22 13:22:57,538 [Worker-6] INFO  o.e.m.c.i.embedder.EclipseLogger - Using 'UTF-8' encoding to copy filtered resources.
2016-02-22 13:22:57,538 [Worker-6] INFO  o.e.m.c.i.embedder.EclipseLogger - skip non existing resourceDirectory C:\Users\Shaindy\workspace\MCO 243\neustadt-mco243\src\test\resources
2016-02-22 13:23:16,422 [Worker-5] INFO  o.e.m.c.i.embedder.EclipseLogger - Using 'UTF-8' encoding to copy filtered resources.
2016-02-22 13:23:16,422 [Worker-5] INFO  o.e.m.c.i.embedder.EclipseLogger - skip non existing resourceDirectory C:\Users\Shaindy\workspace\MCO 243\neustadt-mco243\src\main\resources
2016-02-22 13:23:16,424 [Worker-5] INFO  o.e.m.c.i.embedder.EclipseLogger - Using 'UTF-8' encoding to copy filtered resources.
2016-02-22 13:23:16,425 [Worker-5] INFO  o.e.m.c.i.embedder.EclipseLogger - skip non existing resourceDirectory C:\Users\Shaindy\workspace\MCO 243\neustadt-mco243\src\test\resources
2016-02-22 13:23:24,435 [Worker-5] INFO  o.e.m.c.i.embedder.EclipseLogger - Using 'UTF-8' encoding to copy filtered resources.
2016-02-22 13:23:24,436 [Worker-5] INFO  o.e.m.c.i.embedder.EclipseLogger - skip non existing resourceDirectory C:\Users\Shaindy\workspace\MCO 243\neustadt-mco243\src\main\resources
2016-02-22 13:23:24,438 [Worker-5] INFO  o.e.m.c.i.embedder.EclipseLogger - Using 'UTF-8' encoding to copy filtered resources.
2016-02-22 13:23:24,438 [Worker-5] INFO  o.e.m.c.i.embedder.EclipseLogger - skip non existing resourceDirectory C:\Users\Shaindy\workspace\MCO 243\neustadt-mco243\src\test\resources
2016-02-22 13:23:28,845 [Worker-9] INFO  o.e.m.c.i.embedder.EclipseLogger - Using 'UTF-8' encoding to copy filtered resources.
2016-02-22 13:23:28,845 [Worker-9] INFO  o.e.m.c.i.embedder.EclipseLogger - skip non existing resourceDirectory C:\Users\Shaindy\workspace\MCO 243\neustadt-mco243\src\main\resources
2016-02-22 13:23:28,846 [Worker-9] INFO  o.e.m.c.i.embedder.EclipseLogger - Using 'UTF-8' encoding to copy filtered resources.
2016-02-22 13:23:28,847 [Worker-9] INFO  o.e.m.c.i.embedder.EclipseLogger - skip non existing resourceDirectory C:\Users\Shaindy\workspace\MCO 243\neustadt-mco243\src\test\resources
2016-02-22 13:23:39,307 [Worker-8] INFO  o.e.m.c.i.embedder.EclipseLogger - Using 'UTF-8' encoding to copy filtered resources.
2016-02-22 13:23:39,307 [Worker-8] INFO  o.e.m.c.i.embedder.EclipseLogger - skip non existing resourceDirectory C:\Users\Shaindy\workspace\MCO 243\neustadt-mco243\src\main\resources
2016-02-22 13:23:39,311 [Worker-8] INFO  o.e.m.c.i.embedder.EclipseLogger - Using 'UTF-8' encoding to copy filtered resources.
2016-02-22 13:23:39,312 [Worker-8] INFO  o.e.m.c.i.embedder.EclipseLogger - skip non existing resourceDirectory C:\Users\Shaindy\workspace\MCO 243\neustadt-mco243\src\test\resources
2016-02-22 13:23:41,191 [Worker-8] INFO  o.e.m.c.i.embedder.EclipseLogger - Using 'UTF-8' encoding to copy filtered resources.
2016-02-22 13:23:41,191 [Worker-8] INFO  o.e.m.c.i.embedder.EclipseLogger - skip non existing resourceDirectory C:\Users\Shaindy\workspace\MCO 243\neustadt-mco243\src\main\resources
2016-02-22 13:23:41,193 [Worker-8] INFO  o.e.m.c.i.embedder.EclipseLogger - Using 'UTF-8' encoding to copy filtered resources.
2016-02-22 13:23:41,193 [Worker-8] INFO  o.e.m.c.i.embedder.EclipseLogger - skip non existing resourceDirectory C:\Users\Shaindy\workspace\MCO 243\neustadt-mco243\src\test\resources
2016-02-22 13:25:06,011 [Worker-10] INFO  o.e.m.c.i.embedder.EclipseLogger - Using 'UTF-8' encoding to copy filtered resources.
2016-02-22 13:25:06,012 [Worker-10] INFO  o.e.m.c.i.embedder.EclipseLogger - skip non existing resourceDirectory C:\Users\Shaindy\workspace\MCO 243\neustadt-mco243\src\main\resources
2016-02-22 13:25:06,014 [Worker-10] INFO  o.e.m.c.i.embedder.EclipseLogger - Using 'UTF-8' encoding to copy filtered resources.
2016-02-22 13:25:06,015 [Worker-10] INFO  o.e.m.c.i.embedder.EclipseLogger - skip non existing resourceDirectory C:\Users\Shaindy\workspace\MCO 243\neustadt-mco243\src\test\resources
2016-02-22 13:26:56,984 [Worker-1] INFO  o.e.m.c.i.l.LifecycleMappingFactory - Using org.eclipse.m2e.jdt.JarLifecycleMapping lifecycle mapping for MavenProject: neustadt-mco243:neustadt-mco243:0.0.1-SNAPSHOT @ C:\Users\Shaindy\workspace\MCO 243\neustadt-mco243\pom.xml.
2016-02-22 13:26:57,384 [Worker-1] INFO  o.e.m.c.i.e.AbstractTransferListenerAdapter - Downloading http://repo.maven.apache.org/maven2/org/webjars/npm/assert/1.3.0/assert-1.3.0.pom
2016-02-22 13:26:57,520 [Worker-1] INFO  o.e.m.c.i.e.AbstractTransferListenerAdapter - Downloaded http://repo.maven.apache.org/maven2/org/webjars/npm/assert/1.3.0/assert-1.3.0.pom
2016-02-22 13:26:57,665 [Worker-1] INFO  o.e.m.c.i.e.AbstractTransferListenerAdapter - Downloading http://repo.maven.apache.org/maven2/org/webjars/npm/util/0.10.3/util-0.10.3.pom
2016-02-22 13:26:57,754 [Worker-1] INFO  o.e.m.c.i.e.AbstractTransferListenerAdapter - Downloaded http://repo.maven.apache.org/maven2/org/webjars/npm/util/0.10.3/util-0.10.3.pom
2016-02-22 13:26:57,940 [Worker-1] INFO  o.e.m.c.i.e.AbstractTransferListenerAdapter - Downloading http://repo.maven.apache.org/maven2/org/webjars/npm/inherits/2.0.1/inherits-2.0.1.pom
2016-02-22 13:26:58,038 [Worker-1] INFO  o.e.m.c.i.e.AbstractTransferListenerAdapter - Downloaded http://repo.maven.apache.org/maven2/org/webjars/npm/inherits/2.0.1/inherits-2.0.1.pom
2016-02-22 13:26:58,219 [Worker-1] INFO  o.e.m.c.i.e.AbstractTransferListenerAdapter - Downloading http://repo.maven.apache.org/maven2/org/webjars/npm/assert/1.3.0/assert-1.3.0.jar
2016-02-22 13:26:58,442 [Worker-1] INFO  o.e.m.c.i.e.AbstractTransferListenerAdapter - Downloaded http://repo.maven.apache.org/maven2/org/webjars/npm/assert/1.3.0/assert-1.3.0.jar
2016-02-22 13:26:58,485 [Worker-1] INFO  o.e.m.c.i.e.AbstractTransferListenerAdapter - Downloading http://repo.maven.apache.org/maven2/org/webjars/npm/util/0.10.3/util-0.10.3.jar
2016-02-22 13:26:58,695 [Worker-1] INFO  o.e.m.c.i.e.AbstractTransferListenerAdapter - Downloaded http://repo.maven.apache.org/maven2/org/webjars/npm/util/0.10.3/util-0.10.3.jar
2016-02-22 13:26:58,742 [Worker-1] INFO  o.e.m.c.i.e.AbstractTransferListenerAdapter - Downloading http://repo.maven.apache.org/maven2/org/webjars/npm/inherits/2.0.1/inherits-2.0.1.jar
2016-02-22 13:26:58,884 [Worker-1] INFO  o.e.m.c.i.e.AbstractTransferListenerAdapter - Downloaded http://repo.maven.apache.org/maven2/org/webjars/npm/inherits/2.0.1/inherits-2.0.1.jar
2016-02-22 13:26:59,320 [Worker-1] INFO  o.e.m.c.i.embedder.EclipseLogger - Using 'UTF-8' encoding to copy filtered resources.
2016-02-22 13:26:59,320 [Worker-1] INFO  o.e.m.c.i.embedder.EclipseLogger - skip non existing resourceDirectory C:\Users\Shaindy\workspace\MCO 243\neustadt-mco243\src\main\resources
2016-02-22 13:26:59,322 [Worker-1] INFO  o.e.m.c.i.embedder.EclipseLogger - Using 'UTF-8' encoding to copy filtered resources.
2016-02-22 13:26:59,323 [Worker-1] INFO  o.e.m.c.i.embedder.EclipseLogger - skip non existing resourceDirectory C:\Users\Shaindy\workspace\MCO 243\neustadt-mco243\src\test\resources
2016-02-22 13:27:00,550 [Worker-5] INFO  o.e.m.c.i.embedder.EclipseLogger - Using 'UTF-8' encoding to copy filtered resources.
2016-02-22 13:27:00,550 [Worker-5] INFO  o.e.m.c.i.embedder.EclipseLogger - skip non existing resourceDirectory C:\Users\Shaindy\workspace\MCO 243\neustadt-mco243\src\main\resources
2016-02-22 13:27:00,557 [Worker-5] INFO  o.e.m.c.i.embedder.EclipseLogger - Using 'UTF-8' encoding to copy filtered resources.
2016-02-22 13:27:00,558 [Worker-5] INFO  o.e.m.c.i.embedder.EclipseLogger - skip non existing resourceDirectory C:\Users\Shaindy\workspace\MCO 243\neustadt-mco243\src\test\resources
2016-02-22 13:28:03,404 [Worker-4] INFO  o.e.m.c.i.l.LifecycleMappingFactory - Using org.eclipse.m2e.jdt.JarLifecycleMapping lifecycle mapping for MavenProject: neustadt-mco243:neustadt-mco243:0.0.1-SNAPSHOT @ C:\Users\Shaindy\workspace\MCO 243\neustadt-mco243\pom.xml.
2016-02-22 13:28:03,625 [Worker-4] INFO  o.e.m.c.i.e.AbstractTransferListenerAdapter - Downloading http://repo.maven.apache.org/maven2/org/junit/surefire-junit5/5.0.0-ALPHA/surefire-junit5-5.0.0-ALPHA.pom
2016-02-22 13:28:03,783 [Worker-4] INFO  o.e.m.c.i.e.AbstractTransferListenerAdapter - Downloaded http://repo.maven.apache.org/maven2/org/junit/surefire-junit5/5.0.0-ALPHA/surefire-junit5-5.0.0-ALPHA.pom
2016-02-22 13:28:03,943 [Worker-4] INFO  o.e.m.c.i.e.AbstractTransferListenerAdapter - Downloading http://repo.maven.apache.org/maven2/org/junit/junit4-engine/5.0.0-ALPHA/junit4-engine-5.0.0-ALPHA.pom
2016-02-22 13:28:04,073 [Worker-4] INFO  o.e.m.c.i.e.AbstractTransferListenerAdapter - Downloaded http://repo.maven.apache.org/maven2/org/junit/junit4-engine/5.0.0-ALPHA/junit4-engine-5.0.0-ALPHA.pom
2016-02-22 13:28:04,245 [Worker-4] INFO  o.e.m.c.i.e.AbstractTransferListenerAdapter - Downloading http://repo.maven.apache.org/maven2/org/junit/junit-engine-api/5.0.0-ALPHA/junit-engine-api-5.0.0-ALPHA.pom
2016-02-22 13:28:04,402 [Worker-4] INFO  o.e.m.c.i.e.AbstractTransferListenerAdapter - Downloaded http://repo.maven.apache.org/maven2/org/junit/junit-engine-api/5.0.0-ALPHA/junit-engine-api-5.0.0-ALPHA.pom
2016-02-22 13:28:04,576 [Worker-4] INFO  o.e.m.c.i.e.AbstractTransferListenerAdapter - Downloading http://repo.maven.apache.org/maven2/org/junit/junit-commons/5.0.0-ALPHA/junit-commons-5.0.0-ALPHA.pom
2016-02-22 13:28:04,714 [Worker-4] INFO  o.e.m.c.i.e.AbstractTransferListenerAdapter - Downloaded http://repo.maven.apache.org/maven2/org/junit/junit-commons/5.0.0-ALPHA/junit-commons-5.0.0-ALPHA.pom
2016-02-22 13:28:04,873 [Worker-4] INFO  o.e.m.c.i.e.AbstractTransferListenerAdapter - Downloading http://repo.maven.apache.org/maven2/org/opentest4j/opentest4j/1.0.0-ALPHA/opentest4j-1.0.0-ALPHA.pom
2016-02-22 13:28:04,973 [Worker-4] INFO  o.e.m.c.i.e.AbstractTransferListenerAdapter - Downloaded http://repo.maven.apache.org/maven2/org/opentest4j/opentest4j/1.0.0-ALPHA/opentest4j-1.0.0-ALPHA.pom
2016-02-22 13:28:05,117 [Worker-4] INFO  o.e.m.c.i.e.AbstractTransferListenerAdapter - Downloading http://repo.maven.apache.org/maven2/org/apache/maven/surefire/surefire-api/2.19/surefire-api-2.19.pom
2016-02-22 13:28:05,206 [Worker-4] INFO  o.e.m.c.i.e.AbstractTransferListenerAdapter - Downloaded http://repo.maven.apache.org/maven2/org/apache/maven/surefire/surefire-api/2.19/surefire-api-2.19.pom
2016-02-22 13:28:05,349 [Worker-4] INFO  o.e.m.c.i.e.AbstractTransferListenerAdapter - Downloading http://repo.maven.apache.org/maven2/org/apache/maven/surefire/surefire/2.19/surefire-2.19.pom
2016-02-22 13:28:05,489 [Worker-4] INFO  o.e.m.c.i.e.AbstractTransferListenerAdapter - Downloaded http://repo.maven.apache.org/maven2/org/apache/maven/surefire/surefire/2.19/surefire-2.19.pom
2016-02-22 13:28:05,679 [Worker-4] INFO  o.e.m.c.i.e.AbstractTransferListenerAdapter - Downloading http://repo.maven.apache.org/maven2/org/apache/maven/maven-parent/26/maven-parent-26.pom
2016-02-22 13:28:05,921 [Worker-4] INFO  o.e.m.c.i.e.AbstractTransferListenerAdapter - Downloaded http://repo.maven.apache.org/maven2/org/apache/maven/maven-parent/26/maven-parent-26.pom
2016-02-22 13:28:06,110 [Worker-4] INFO  o.e.m.c.i.e.AbstractTransferListenerAdapter - Downloading http://repo.maven.apache.org/maven2/org/apache/apache/16/apache-16.pom
2016-02-22 13:28:06,242 [Worker-4] INFO  o.e.m.c.i.e.AbstractTransferListenerAdapter - Downloaded http://repo.maven.apache.org/maven2/org/apache/apache/16/apache-16.pom
2016-02-22 13:28:06,390 [Worker-4] INFO  o.e.m.c.i.e.AbstractTransferListenerAdapter - Downloading http://repo.maven.apache.org/maven2/org/apache/maven/surefire/common-java5/2.19/common-java5-2.19.pom
2016-02-22 13:28:06,520 [Worker-4] INFO  o.e.m.c.i.e.AbstractTransferListenerAdapter - Downloaded http://repo.maven.apache.org/maven2/org/apache/maven/surefire/common-java5/2.19/common-java5-2.19.pom
2016-02-22 13:28:06,749 [Worker-4] INFO  o.e.m.c.i.e.AbstractTransferListenerAdapter - Downloading http://repo.maven.apache.org/maven2/org/apache/maven/surefire/surefire-providers/2.19/surefire-providers-2.19.pom
2016-02-22 13:28:06,832 [Worker-4] INFO  o.e.m.c.i.e.AbstractTransferListenerAdapter - Downloaded http://repo.maven.apache.org/maven2/org/apache/maven/surefire/surefire-providers/2.19/surefire-providers-2.19.pom
2016-02-22 13:28:06,971 [Worker-4] INFO  o.e.m.c.i.e.AbstractTransferListenerAdapter - Downloading http://repo.maven.apache.org/maven2/org/junit/junit-launcher/5.0.0-ALPHA/junit-launcher-5.0.0-ALPHA.pom
2016-02-22 13:28:07,067 [Worker-4] INFO  o.e.m.c.i.e.AbstractTransferListenerAdapter - Downloaded http://repo.maven.apache.org/maven2/org/junit/junit-launcher/5.0.0-ALPHA/junit-launcher-5.0.0-ALPHA.pom
2016-02-22 13:28:07,240 [Worker-4] INFO  o.e.m.c.i.e.AbstractTransferListenerAdapter - Downloading http://repo.maven.apache.org/maven2/org/junit/junit5-engine/5.0.0-ALPHA/junit5-engine-5.0.0-ALPHA.pom
2016-02-22 13:28:07,392 [Worker-4] INFO  o.e.m.c.i.e.AbstractTransferListenerAdapter - Downloaded http://repo.maven.apache.org/maven2/org/junit/junit5-engine/5.0.0-ALPHA/junit5-engine-5.0.0-ALPHA.pom
2016-02-22 13:28:07,624 [Worker-4] INFO  o.e.m.c.i.e.AbstractTransferListenerAdapter - Downloading http://repo.maven.apache.org/maven2/org/junit/junit5-api/5.0.0-ALPHA/junit5-api-5.0.0-ALPHA.pom
2016-02-22 13:28:07,747 [Worker-4] INFO  o.e.m.c.i.e.AbstractTransferListenerAdapter - Downloaded http://repo.maven.apache.org/maven2/org/junit/junit5-api/5.0.0-ALPHA/junit5-api-5.0.0-ALPHA.pom
2016-02-22 13:28:07,856 [Worker-4] INFO  o.e.m.c.i.e.AbstractTransferListenerAdapter - Downloading http://repo.maven.apache.org/maven2/org/junit/surefire-junit5/5.0.0-ALPHA/surefire-junit5-5.0.0-ALPHA.jar
2016-02-22 13:28:08,044 [Worker-4] INFO  o.e.m.c.i.e.AbstractTransferListenerAdapter - Downloaded http://repo.maven.apache.org/maven2/org/junit/surefire-junit5/5.0.0-ALPHA/surefire-junit5-5.0.0-ALPHA.jar
2016-02-22 13:28:08,092 [Worker-4] INFO  o.e.m.c.i.e.AbstractTransferListenerAdapter - Downloading http://repo.maven.apache.org/maven2/org/junit/junit4-engine/5.0.0-ALPHA/junit4-engine-5.0.0-ALPHA.jar
2016-02-22 13:28:08,340 [Worker-4] INFO  o.e.m.c.i.e.AbstractTransferListenerAdapter - Downloaded http://repo.maven.apache.org/maven2/org/junit/junit4-engine/5.0.0-ALPHA/junit4-engine-5.0.0-ALPHA.jar
2016-02-22 13:28:08,386 [Worker-4] INFO  o.e.m.c.i.e.AbstractTransferListenerAdapter - Downloading http://repo.maven.apache.org/maven2/org/junit/junit-engine-api/5.0.0-ALPHA/junit-engine-api-5.0.0-ALPHA.jar
2016-02-22 13:28:08,661 [Worker-4] INFO  o.e.m.c.i.e.AbstractTransferListenerAdapter - Downloaded http://repo.maven.apache.org/maven2/org/junit/junit-engine-api/5.0.0-ALPHA/junit-engine-api-5.0.0-ALPHA.jar
2016-02-22 13:28:08,699 [Worker-4] INFO  o.e.m.c.i.e.AbstractTransferListenerAdapter - Downloading http://repo.maven.apache.org/maven2/org/junit/junit-commons/5.0.0-ALPHA/junit-commons-5.0.0-ALPHA.jar
2016-02-22 13:28:08,910 [Worker-4] INFO  o.e.m.c.i.e.AbstractTransferListenerAdapter - Downloaded http://repo.maven.apache.org/maven2/org/junit/junit-commons/5.0.0-ALPHA/junit-commons-5.0.0-ALPHA.jar
2016-02-22 13:28:08,949 [Worker-4] INFO  o.e.m.c.i.e.AbstractTransferListenerAdapter - Downloading http://repo.maven.apache.org/maven2/org/opentest4j/opentest4j/1.0.0-ALPHA/opentest4j-1.0.0-ALPHA.jar
2016-02-22 13:28:09,102 [Worker-4] INFO  o.e.m.c.i.e.AbstractTransferListenerAdapter - Downloaded http://repo.maven.apache.org/maven2/org/opentest4j/opentest4j/1.0.0-ALPHA/opentest4j-1.0.0-ALPHA.jar
2016-02-22 13:28:09,140 [Worker-4] INFO  o.e.m.c.i.e.AbstractTransferListenerAdapter - Downloading http://repo.maven.apache.org/maven2/org/apache/maven/surefire/surefire-api/2.19/surefire-api-2.19.jar
2016-02-22 13:28:09,859 [Worker-4] INFO  o.e.m.c.i.e.AbstractTransferListenerAdapter - Downloaded http://repo.maven.apache.org/maven2/org/apache/maven/surefire/surefire-api/2.19/surefire-api-2.19.jar
2016-02-22 13:28:09,909 [Worker-4] INFO  o.e.m.c.i.e.AbstractTransferListenerAdapter - Downloading http://repo.maven.apache.org/maven2/org/apache/maven/surefire/common-java5/2.19/common-java5-2.19.jar
2016-02-22 13:28:10,149 [Worker-4] INFO  o.e.m.c.i.e.AbstractTransferListenerAdapter - Downloaded http://repo.maven.apache.org/maven2/org/apache/maven/surefire/common-java5/2.19/common-java5-2.19.jar
2016-02-22 13:28:10,193 [Worker-4] INFO  o.e.m.c.i.e.AbstractTransferListenerAdapter - Downloading http://repo.maven.apache.org/maven2/org/junit/junit-launcher/5.0.0-ALPHA/junit-launcher-5.0.0-ALPHA.jar
2016-02-22 13:28:10,511 [Worker-4] INFO  o.e.m.c.i.e.AbstractTransferListenerAdapter - Downloaded http://repo.maven.apache.org/maven2/org/junit/junit-launcher/5.0.0-ALPHA/junit-launcher-5.0.0-ALPHA.jar
2016-02-22 13:28:10,558 [Worker-4] INFO  o.e.m.c.i.e.AbstractTransferListenerAdapter - Downloading http://repo.maven.apache.org/maven2/org/junit/junit5-engine/5.0.0-ALPHA/junit5-engine-5.0.0-ALPHA.jar
2016-02-22 13:28:10,904 [Worker-4] INFO  o.e.m.c.i.e.AbstractTransferListenerAdapter - Downloaded http://repo.maven.apache.org/maven2/org/junit/junit5-engine/5.0.0-ALPHA/junit5-engine-5.0.0-ALPHA.jar
2016-02-22 13:28:10,947 [Worker-4] INFO  o.e.m.c.i.e.AbstractTransferListenerAdapter - Downloading http://repo.maven.apache.org/maven2/org/junit/junit5-api/5.0.0-ALPHA/junit5-api-5.0.0-ALPHA.jar
2016-02-22 13:28:11,168 [Worker-4] INFO  o.e.m.c.i.e.AbstractTransferListenerAdapter - Downloaded http://repo.maven.apache.org/maven2/org/junit/junit5-api/5.0.0-ALPHA/junit5-api-5.0.0-ALPHA.jar
2016-02-22 13:28:12,474 [Worker-4] INFO  o.e.m.c.i.embedder.EclipseLogger - Using 'UTF-8' encoding to copy filtered resources.
2016-02-22 13:28:12,475 [Worker-4] INFO  o.e.m.c.i.embedder.EclipseLogger - skip non existing resourceDirectory C:\Users\Shaindy\workspace\MCO 243\neustadt-mco243\src\main\resources
2016-02-22 13:28:12,477 [Worker-4] INFO  o.e.m.c.i.embedder.EclipseLogger - Using 'UTF-8' encoding to copy filtered resources.
2016-02-22 13:28:12,477 [Worker-4] INFO  o.e.m.c.i.embedder.EclipseLogger - skip non existing resourceDirectory C:\Users\Shaindy\workspace\MCO 243\neustadt-mco243\src\test\resources
2016-02-22 13:28:13,767 [Worker-7] INFO  o.e.m.c.i.embedder.EclipseLogger - Using 'UTF-8' encoding to copy filtered resources.
2016-02-22 13:28:13,768 [Worker-7] INFO  o.e.m.c.i.embedder.EclipseLogger - skip non existing resourceDirectory C:\Users\Shaindy\workspace\MCO 243\neustadt-mco243\src\main\resources
2016-02-22 13:28:13,770 [Worker-7] INFO  o.e.m.c.i.embedder.EclipseLogger - Using 'UTF-8' encoding to copy filtered resources.
2016-02-22 13:28:13,771 [Worker-7] INFO  o.e.m.c.i.embedder.EclipseLogger - skip non existing resourceDirectory C:\Users\Shaindy\workspace\MCO 243\neustadt-mco243\src\test\resources
2016-02-22 13:28:38,434 [Worker-4] INFO  o.e.m.c.i.embedder.EclipseLogger - Using 'UTF-8' encoding to copy filtered resources.
2016-02-22 13:28:38,434 [Worker-4] INFO  o.e.m.c.i.embedder.EclipseLogger - skip non existing resourceDirectory C:\Users\Shaindy\workspace\MCO 243\neustadt-mco243\src\main\resources
2016-02-22 13:28:38,437 [Worker-4] INFO  o.e.m.c.i.embedder.EclipseLogger - Using 'UTF-8' encoding to copy filtered resources.
2016-02-22 13:28:38,438 [Worker-4] INFO  o.e.m.c.i.embedder.EclipseLogger - skip non existing resourceDirectory C:\Users\Shaindy\workspace\MCO 243\neustadt-mco243\src\test\resources
2016-02-22 13:35:10,275 [Worker-13] INFO  o.e.m.c.i.embedder.EclipseLogger - Using 'UTF-8' encoding to copy filtered resources.
2016-02-22 13:35:10,276 [Worker-13] INFO  o.e.m.c.i.embedder.EclipseLogger - skip non existing resourceDirectory C:\Users\Shaindy\workspace\MCO 243\neustadt-mco243\src\main\resources
2016-02-22 13:35:10,278 [Worker-13] INFO  o.e.m.c.i.embedder.EclipseLogger - Using 'UTF-8' encoding to copy filtered resources.
2016-02-22 13:35:10,279 [Worker-13] INFO  o.e.m.c.i.embedder.EclipseLogger - skip non existing resourceDirectory C:\Users\Shaindy\workspace\MCO 243\neustadt-mco243\src\test\resources
2016-02-22 13:35:56,267 [Worker-12] INFO  o.e.m.c.i.embedder.EclipseLogger - Using 'UTF-8' encoding to copy filtered resources.
2016-02-22 13:35:56,268 [Worker-12] INFO  o.e.m.c.i.embedder.EclipseLogger - skip non existing resourceDirectory C:\Users\Shaindy\workspace\MCO 243\neustadt-mco243\src\main\resources
2016-02-22 13:35:56,270 [Worker-12] INFO  o.e.m.c.i.embedder.EclipseLogger - Using 'UTF-8' encoding to copy filtered resources.
2016-02-22 13:35:56,270 [Worker-12] INFO  o.e.m.c.i.embedder.EclipseLogger - skip non existing resourceDirectory C:\Users\Shaindy\workspace\MCO 243\neustadt-mco243\src\test\resources
2016-02-22 13:36:20,723 [Worker-9] INFO  o.e.m.c.i.embedder.EclipseLogger - Using 'UTF-8' encoding to copy filtered resources.
2016-02-22 13:36:20,724 [Worker-9] INFO  o.e.m.c.i.embedder.EclipseLogger - skip non existing resourceDirectory C:\Users\Shaindy\workspace\MCO 243\neustadt-mco243\src\main\resources
2016-02-22 13:36:20,727 [Worker-9] INFO  o.e.m.c.i.embedder.EclipseLogger - Using 'UTF-8' encoding to copy filtered resources.
2016-02-22 13:36:20,727 [Worker-9] INFO  o.e.m.c.i.embedder.EclipseLogger - skip non existing resourceDirectory C:\Users\Shaindy\workspace\MCO 243\neustadt-mco243\src\test\resources
2016-02-22 13:36:26,883 [Worker-6] INFO  o.e.m.c.i.embedder.EclipseLogger - Using 'UTF-8' encoding to copy filtered resources.
2016-02-22 13:36:26,884 [Worker-6] INFO  o.e.m.c.i.embedder.EclipseLogger - skip non existing resourceDirectory C:\Users\Shaindy\workspace\MCO 243\neustadt-mco243\src\main\resources
2016-02-22 13:36:26,886 [Worker-6] INFO  o.e.m.c.i.embedder.EclipseLogger - Using 'UTF-8' encoding to copy filtered resources.
2016-02-22 13:36:26,886 [Worker-6] INFO  o.e.m.c.i.embedder.EclipseLogger - skip non existing resourceDirectory C:\Users\Shaindy\workspace\MCO 243\neustadt-mco243\src\test\resources
2016-02-22 13:37:17,452 [Worker-7] INFO  o.e.m.c.i.embedder.EclipseLogger - Using 'UTF-8' encoding to copy filtered resources.
2016-02-22 13:37:17,453 [Worker-7] INFO  o.e.m.c.i.embedder.EclipseLogger - skip non existing resourceDirectory C:\Users\Shaindy\workspace\MCO 243\neustadt-mco243\src\main\resources
2016-02-22 13:37:17,454 [Worker-7] INFO  o.e.m.c.i.embedder.EclipseLogger - Using 'UTF-8' encoding to copy filtered resources.
2016-02-22 13:37:17,454 [Worker-7] INFO  o.e.m.c.i.embedder.EclipseLogger - skip non existing resourceDirectory C:\Users\Shaindy\workspace\MCO 243\neustadt-mco243\src\test\resources
2016-02-22 13:38:20,372 [Worker-7] INFO  o.e.m.c.i.embedder.EclipseLogger - Using 'UTF-8' encoding to copy filtered resources.
2016-02-22 13:38:20,373 [Worker-7] INFO  o.e.m.c.i.embedder.EclipseLogger - skip non existing resourceDirectory C:\Users\Shaindy\workspace\MCO 243\neustadt-mco243\src\main\resources
2016-02-22 13:38:20,374 [Worker-7] INFO  o.e.m.c.i.embedder.EclipseLogger - Using 'UTF-8' encoding to copy filtered resources.
2016-02-22 13:38:20,374 [Worker-7] INFO  o.e.m.c.i.embedder.EclipseLogger - skip non existing resourceDirectory C:\Users\Shaindy\workspace\MCO 243\neustadt-mco243\src\test\resources
2016-02-22 13:38:51,063 [Worker-13] INFO  o.e.m.c.i.embedder.EclipseLogger - Using 'UTF-8' encoding to copy filtered resources.
2016-02-22 13:38:51,063 [Worker-13] INFO  o.e.m.c.i.embedder.EclipseLogger - skip non existing resourceDirectory C:\Users\Shaindy\workspace\MCO 243\neustadt-mco243\src\main\resources
2016-02-22 13:38:51,065 [Worker-13] INFO  o.e.m.c.i.embedder.EclipseLogger - Using 'UTF-8' encoding to copy filtered resources.
2016-02-22 13:38:51,065 [Worker-13] INFO  o.e.m.c.i.embedder.EclipseLogger - skip non existing resourceDirectory C:\Users\Shaindy\workspace\MCO 243\neustadt-mco243\src\test\resources
2016-02-22 14:03:39,849 [Worker-18] INFO  o.e.m.c.i.embedder.EclipseLogger - Using 'UTF-8' encoding to copy filtered resources.
2016-02-22 14:03:39,850 [Worker-18] INFO  o.e.m.c.i.embedder.EclipseLogger - skip non existing resourceDirectory C:\Users\Shaindy\workspace\MCO 243\neustadt-mco243\src\main\resources
2016-02-22 14:03:39,852 [Worker-18] INFO  o.e.m.c.i.embedder.EclipseLogger - Using 'UTF-8' encoding to copy filtered resources.
2016-02-22 14:03:39,853 [Worker-18] INFO  o.e.m.c.i.embedder.EclipseLogger - skip non existing resourceDirectory C:\Users\Shaindy\workspace\MCO 243\neustadt-mco243\src\test\resources
2016-02-22 14:04:02,310 [Worker-15] INFO  o.e.m.c.i.embedder.EclipseLogger - Using 'UTF-8' encoding to copy filtered resources.
2016-02-22 14:04:02,311 [Worker-15] INFO  o.e.m.c.i.embedder.EclipseLogger - skip non existing resourceDirectory C:\Users\Shaindy\workspace\MCO 243\neustadt-mco243\src\main\resources
2016-02-22 14:04:02,313 [Worker-15] INFO  o.e.m.c.i.embedder.EclipseLogger - Using 'UTF-8' encoding to copy filtered resources.
2016-02-22 14:04:02,313 [Worker-15] INFO  o.e.m.c.i.embedder.EclipseLogger - skip non existing resourceDirectory C:\Users\Shaindy\workspace\MCO 243\neustadt-mco243\src\test\resources
2016-02-22 14:12:40,659 [Worker-12] INFO  o.e.m.c.i.embedder.EclipseLogger - Using 'UTF-8' encoding to copy filtered resources.
2016-02-22 14:12:40,660 [Worker-12] INFO  o.e.m.c.i.embedder.EclipseLogger - skip non existing resourceDirectory C:\Users\Shaindy\workspace\MCO 243\neustadt-mco243\src\main\resources
2016-02-22 14:12:40,662 [Worker-12] INFO  o.e.m.c.i.embedder.EclipseLogger - Using 'UTF-8' encoding to copy filtered resources.
2016-02-22 14:12:40,663 [Worker-12] INFO  o.e.m.c.i.embedder.EclipseLogger - skip non existing resourceDirectory C:\Users\Shaindy\workspace\MCO 243\neustadt-mco243\src\test\resources
2016-02-22 14:13:25,187 [Worker-20] INFO  o.e.m.c.i.embedder.EclipseLogger - Using 'UTF-8' encoding to copy filtered resources.
2016-02-22 14:13:25,188 [Worker-20] INFO  o.e.m.c.i.embedder.EclipseLogger - skip non existing resourceDirectory C:\Users\Shaindy\workspace\MCO 243\neustadt-mco243\src\main\resources
2016-02-22 14:13:25,190 [Worker-20] INFO  o.e.m.c.i.embedder.EclipseLogger - Using 'UTF-8' encoding to copy filtered resources.
2016-02-22 14:13:25,190 [Worker-20] INFO  o.e.m.c.i.embedder.EclipseLogger - skip non existing resourceDirectory C:\Users\Shaindy\workspace\MCO 243\neustadt-mco243\src\test\resources
2016-02-22 14:14:33,295 [Worker-19] INFO  o.e.m.c.i.embedder.EclipseLogger - Using 'UTF-8' encoding to copy filtered resources.
2016-02-22 14:14:33,295 [Worker-19] INFO  o.e.m.c.i.embedder.EclipseLogger - skip non existing resourceDirectory C:\Users\Shaindy\workspace\MCO 243\neustadt-mco243\src\main\resources
2016-02-22 14:14:33,299 [Worker-19] INFO  o.e.m.c.i.embedder.EclipseLogger - Using 'UTF-8' encoding to copy filtered resources.
2016-02-22 14:14:33,299 [Worker-19] INFO  o.e.m.c.i.embedder.EclipseLogger - skip non existing resourceDirectory C:\Users\Shaindy\workspace\MCO 243\neustadt-mco243\src\test\resources
2016-02-22 14:15:03,864 [Worker-18] INFO  o.e.m.c.i.embedder.EclipseLogger - Using 'UTF-8' encoding to copy filtered resources.
2016-02-22 14:15:03,864 [Worker-18] INFO  o.e.m.c.i.embedder.EclipseLogger - skip non existing resourceDirectory C:\Users\Shaindy\workspace\MCO 243\neustadt-mco243\src\main\resources
2016-02-22 14:15:03,865 [Worker-18] INFO  o.e.m.c.i.embedder.EclipseLogger - Using 'UTF-8' encoding to copy filtered resources.
2016-02-22 14:15:03,866 [Worker-18] INFO  o.e.m.c.i.embedder.EclipseLogger - skip non existing resourceDirectory C:\Users\Shaindy\workspace\MCO 243\neustadt-mco243\src\test\resources
2016-02-22 14:15:24,926 [Worker-15] INFO  o.e.m.c.i.embedder.EclipseLogger - Using 'UTF-8' encoding to copy filtered resources.
2016-02-22 14:15:24,926 [Worker-15] INFO  o.e.m.c.i.embedder.EclipseLogger - skip non existing resourceDirectory C:\Users\Shaindy\workspace\MCO 243\neustadt-mco243\src\main\resources
2016-02-22 14:15:24,928 [Worker-15] INFO  o.e.m.c.i.embedder.EclipseLogger - Using 'UTF-8' encoding to copy filtered resources.
2016-02-22 14:15:24,928 [Worker-15] INFO  o.e.m.c.i.embedder.EclipseLogger - skip non existing resourceDirectory C:\Users\Shaindy\workspace\MCO 243\neustadt-mco243\src\test\resources
2016-02-22 14:16:26,571 [Worker-12] INFO  o.e.m.c.i.embedder.EclipseLogger - Using 'UTF-8' encoding to copy filtered resources.
2016-02-22 14:16:26,571 [Worker-12] INFO  o.e.m.c.i.embedder.EclipseLogger - skip non existing resourceDirectory C:\Users\Shaindy\workspace\MCO 243\neustadt-mco243\src\main\resources
2016-02-22 14:16:26,573 [Worker-12] INFO  o.e.m.c.i.embedder.EclipseLogger - Using 'UTF-8' encoding to copy filtered resources.
2016-02-22 14:16:26,573 [Worker-12] INFO  o.e.m.c.i.embedder.EclipseLogger - skip non existing resourceDirectory C:\Users\Shaindy\workspace\MCO 243\neustadt-mco243\src\test\resources
2016-02-22 14:17:00,463 [Worker-19] INFO  o.e.m.c.i.embedder.EclipseLogger - Using 'UTF-8' encoding to copy filtered resources.
2016-02-22 14:17:00,464 [Worker-19] INFO  o.e.m.c.i.embedder.EclipseLogger - skip non existing resourceDirectory C:\Users\Shaindy\workspace\MCO 243\neustadt-mco243\src\main\resources
2016-02-22 14:17:00,465 [Worker-19] INFO  o.e.m.c.i.embedder.EclipseLogger - Using 'UTF-8' encoding to copy filtered resources.
2016-02-22 14:17:00,465 [Worker-19] INFO  o.e.m.c.i.embedder.EclipseLogger - skip non existing resourceDirectory C:\Users\Shaindy\workspace\MCO 243\neustadt-mco243\src\test\resources
2016-02-22 14:17:05,468 [Worker-19] INFO  o.e.m.c.i.embedder.EclipseLogger - Using 'UTF-8' encoding to copy filtered resources.
2016-02-22 14:17:05,469 [Worker-19] INFO  o.e.m.c.i.embedder.EclipseLogger - skip non existing resourceDirectory C:\Users\Shaindy\workspace\MCO 243\neustadt-mco243\src\main\resources
2016-02-22 14:17:05,473 [Worker-19] INFO  o.e.m.c.i.embedder.EclipseLogger - Using 'UTF-8' encoding to copy filtered resources.
2016-02-22 14:17:05,473 [Worker-19] INFO  o.e.m.c.i.embedder.EclipseLogger - skip non existing resourceDirectory C:\Users\Shaindy\workspace\MCO 243\neustadt-mco243\src\test\resources
2016-02-22 14:18:54,181 [Worker-18] INFO  o.e.m.c.i.embedder.EclipseLogger - Using 'UTF-8' encoding to copy filtered resources.
2016-02-22 14:18:54,182 [Worker-18] INFO  o.e.m.c.i.embedder.EclipseLogger - skip non existing resourceDirectory C:\Users\Shaindy\workspace\MCO 243\neustadt-mco243\src\main\resources
2016-02-22 14:18:54,184 [Worker-18] INFO  o.e.m.c.i.embedder.EclipseLogger - Using 'UTF-8' encoding to copy filtered resources.
2016-02-22 14:18:54,184 [Worker-18] INFO  o.e.m.c.i.embedder.EclipseLogger - skip non existing resourceDirectory C:\Users\Shaindy\workspace\MCO 243\neustadt-mco243\src\test\resources
2016-02-22 14:19:18,098 [Worker-19] INFO  o.e.m.c.i.embedder.EclipseLogger - Using 'UTF-8' encoding to copy filtered resources.
2016-02-22 14:19:18,098 [Worker-19] INFO  o.e.m.c.i.embedder.EclipseLogger - skip non existing resourceDirectory C:\Users\Shaindy\workspace\MCO 243\neustadt-mco243\src\main\resources
2016-02-22 14:19:18,099 [Worker-19] INFO  o.e.m.c.i.embedder.EclipseLogger - Using 'UTF-8' encoding to copy filtered resources.
2016-02-22 14:19:18,099 [Worker-19] INFO  o.e.m.c.i.embedder.EclipseLogger - skip non existing resourceDirectory C:\Users\Shaindy\workspace\MCO 243\neustadt-mco243\src\test\resources
2016-02-22 14:20:23,776 [Worker-21] INFO  o.e.m.c.i.embedder.EclipseLogger - Using 'UTF-8' encoding to copy filtered resources.
2016-02-22 14:20:23,776 [Worker-21] INFO  o.e.m.c.i.embedder.EclipseLogger - skip non existing resourceDirectory C:\Users\Shaindy\workspace\MCO 243\neustadt-mco243\src\main\resources
2016-02-22 14:20:23,778 [Worker-21] INFO  o.e.m.c.i.embedder.EclipseLogger - Using 'UTF-8' encoding to copy filtered resources.
2016-02-22 14:20:23,779 [Worker-21] INFO  o.e.m.c.i.embedder.EclipseLogger - skip non existing resourceDirectory C:\Users\Shaindy\workspace\MCO 243\neustadt-mco243\src\test\resources
2016-02-22 14:20:39,215 [Worker-23] INFO  o.e.m.c.i.embedder.EclipseLogger - Using 'UTF-8' encoding to copy filtered resources.
2016-02-22 14:20:39,215 [Worker-23] INFO  o.e.m.c.i.embedder.EclipseLogger - skip non existing resourceDirectory C:\Users\Shaindy\workspace\MCO 243\neustadt-mco243\src\main\resources
2016-02-22 14:20:39,217 [Worker-23] INFO  o.e.m.c.i.embedder.EclipseLogger - Using 'UTF-8' encoding to copy filtered resources.
2016-02-22 14:20:39,217 [Worker-23] INFO  o.e.m.c.i.embedder.EclipseLogger - skip non existing resourceDirectory C:\Users\Shaindy\workspace\MCO 243\neustadt-mco243\src\test\resources
2016-02-22 14:20:55,955 [Worker-20] INFO  o.e.m.c.i.embedder.EclipseLogger - Using 'UTF-8' encoding to copy filtered resources.
2016-02-22 14:20:55,956 [Worker-20] INFO  o.e.m.c.i.embedder.EclipseLogger - skip non existing resourceDirectory C:\Users\Shaindy\workspace\MCO 243\neustadt-mco243\src\main\resources
2016-02-22 14:20:55,957 [Worker-20] INFO  o.e.m.c.i.embedder.EclipseLogger - Using 'UTF-8' encoding to copy filtered resources.
2016-02-22 14:20:55,957 [Worker-20] INFO  o.e.m.c.i.embedder.EclipseLogger - skip non existing resourceDirectory C:\Users\Shaindy\workspace\MCO 243\neustadt-mco243\src\test\resources
2016-02-22 14:21:10,461 [Worker-19] INFO  o.e.m.c.i.embedder.EclipseLogger - Using 'UTF-8' encoding to copy filtered resources.
2016-02-22 14:21:10,461 [Worker-19] INFO  o.e.m.c.i.embedder.EclipseLogger - skip non existing resourceDirectory C:\Users\Shaindy\workspace\MCO 243\neustadt-mco243\src\main\resources
2016-02-22 14:21:10,462 [Worker-19] INFO  o.e.m.c.i.embedder.EclipseLogger - Using 'UTF-8' encoding to copy filtered resources.
2016-02-22 14:21:10,464 [Worker-19] INFO  o.e.m.c.i.embedder.EclipseLogger - skip non existing resourceDirectory C:\Users\Shaindy\workspace\MCO 243\neustadt-mco243\src\test\resources
2016-02-22 14:21:43,685 [Worker-20] INFO  o.e.m.c.i.embedder.EclipseLogger - Using 'UTF-8' encoding to copy filtered resources.
2016-02-22 14:21:43,685 [Worker-20] INFO  o.e.m.c.i.embedder.EclipseLogger - skip non existing resourceDirectory C:\Users\Shaindy\workspace\MCO 243\neustadt-mco243\src\main\resources
2016-02-22 14:21:43,687 [Worker-20] INFO  o.e.m.c.i.embedder.EclipseLogger - Using 'UTF-8' encoding to copy filtered resources.
2016-02-22 14:21:43,687 [Worker-20] INFO  o.e.m.c.i.embedder.EclipseLogger - skip non existing resourceDirectory C:\Users\Shaindy\workspace\MCO 243\neustadt-mco243\src\test\resources
2016-02-22 14:22:12,655 [Worker-15] INFO  o.e.m.c.i.embedder.EclipseLogger - Using 'UTF-8' encoding to copy filtered resources.
2016-02-22 14:22:12,655 [Worker-15] INFO  o.e.m.c.i.embedder.EclipseLogger - skip non existing resourceDirectory C:\Users\Shaindy\workspace\MCO 243\neustadt-mco243\src\main\resources
2016-02-22 14:22:12,660 [Worker-15] INFO  o.e.m.c.i.embedder.EclipseLogger - Using 'UTF-8' encoding to copy filtered resources.
2016-02-22 14:22:12,661 [Worker-15] INFO  o.e.m.c.i.embedder.EclipseLogger - skip non existing resourceDirectory C:\Users\Shaindy\workspace\MCO 243\neustadt-mco243\src\test\resources
2016-02-22 14:24:39,002 [Worker-19] INFO  o.e.m.c.i.embedder.EclipseLogger - Using 'UTF-8' encoding to copy filtered resources.
2016-02-22 14:24:39,002 [Worker-19] INFO  o.e.m.c.i.embedder.EclipseLogger - skip non existing resourceDirectory C:\Users\Shaindy\workspace\MCO 243\neustadt-mco243\src\main\resources
2016-02-22 14:24:39,004 [Worker-19] INFO  o.e.m.c.i.embedder.EclipseLogger - Using 'UTF-8' encoding to copy filtered resources.
2016-02-22 14:24:39,006 [Worker-19] INFO  o.e.m.c.i.embedder.EclipseLogger - skip non existing resourceDirectory C:\Users\Shaindy\workspace\MCO 243\neustadt-mco243\src\test\resources
2016-02-22 14:26:24,558 [Worker-18] INFO  o.e.m.c.i.embedder.EclipseLogger - Using 'UTF-8' encoding to copy filtered resources.
2016-02-22 14:26:24,558 [Worker-18] INFO  o.e.m.c.i.embedder.EclipseLogger - skip non existing resourceDirectory C:\Users\Shaindy\workspace\MCO 243\neustadt-mco243\src\main\resources
2016-02-22 14:26:24,560 [Worker-18] INFO  o.e.m.c.i.embedder.EclipseLogger - Using 'UTF-8' encoding to copy filtered resources.
2016-02-22 14:26:24,561 [Worker-18] INFO  o.e.m.c.i.embedder.EclipseLogger - skip non existing resourceDirectory C:\Users\Shaindy\workspace\MCO 243\neustadt-mco243\src\test\resources
2016-02-22 14:27:06,487 [Worker-21] INFO  o.e.m.c.i.embedder.EclipseLogger - Using 'UTF-8' encoding to copy filtered resources.
2016-02-22 14:27:06,489 [Worker-21] INFO  o.e.m.c.i.embedder.EclipseLogger - skip non existing resourceDirectory C:\Users\Shaindy\workspace\MCO 243\neustadt-mco243\src\main\resources
2016-02-22 14:27:06,491 [Worker-21] INFO  o.e.m.c.i.embedder.EclipseLogger - Using 'UTF-8' encoding to copy filtered resources.
2016-02-22 14:27:06,491 [Worker-21] INFO  o.e.m.c.i.embedder.EclipseLogger - skip non existing resourceDirectory C:\Users\Shaindy\workspace\MCO 243\neustadt-mco243\src\test\resources
2016-02-22 14:28:08,057 [Worker-23] INFO  o.e.m.c.i.embedder.EclipseLogger - Using 'UTF-8' encoding to copy filtered resources.
2016-02-22 14:28:08,058 [Worker-23] INFO  o.e.m.c.i.embedder.EclipseLogger - skip non existing resourceDirectory C:\Users\Shaindy\workspace\MCO 243\neustadt-mco243\src\main\resources
2016-02-22 14:28:08,059 [Worker-23] INFO  o.e.m.c.i.embedder.EclipseLogger - Using 'UTF-8' encoding to copy filtered resources.
2016-02-22 14:28:08,060 [Worker-23] INFO  o.e.m.c.i.embedder.EclipseLogger - skip non existing resourceDirectory C:\Users\Shaindy\workspace\MCO 243\neustadt-mco243\src\test\resources
2016-02-22 14:29:58,701 [Worker-18] INFO  o.e.m.c.i.embedder.EclipseLogger - Using 'UTF-8' encoding to copy filtered resources.
2016-02-22 14:29:58,701 [Worker-18] INFO  o.e.m.c.i.embedder.EclipseLogger - skip non existing resourceDirectory C:\Users\Shaindy\workspace\MCO 243\neustadt-mco243\src\main\resources
2016-02-22 14:29:58,703 [Worker-18] INFO  o.e.m.c.i.embedder.EclipseLogger - Using 'UTF-8' encoding to copy filtered resources.
2016-02-22 14:29:58,703 [Worker-18] INFO  o.e.m.c.i.embedder.EclipseLogger - skip non existing resourceDirectory C:\Users\Shaindy\workspace\MCO 243\neustadt-mco243\src\test\resources
2016-02-22 14:30:11,813 [Worker-18] INFO  o.e.m.c.i.embedder.EclipseLogger - Using 'UTF-8' encoding to copy filtered resources.
2016-02-22 14:30:11,813 [Worker-18] INFO  o.e.m.c.i.embedder.EclipseLogger - skip non existing resourceDirectory C:\Users\Shaindy\workspace\MCO 243\neustadt-mco243\src\main\resources
2016-02-22 14:30:11,815 [Worker-18] INFO  o.e.m.c.i.embedder.EclipseLogger - Using 'UTF-8' encoding to copy filtered resources.
2016-02-22 14:30:11,816 [Worker-18] INFO  o.e.m.c.i.embedder.EclipseLogger - skip non existing resourceDirectory C:\Users\Shaindy\workspace\MCO 243\neustadt-mco243\src\test\resources
2016-02-22 14:37:10,669 [Worker-19] INFO  o.e.m.c.i.embedder.EclipseLogger - Using 'UTF-8' encoding to copy filtered resources.
2016-02-22 14:37:10,670 [Worker-19] INFO  o.e.m.c.i.embedder.EclipseLogger - skip non existing resourceDirectory C:\Users\Shaindy\workspace\MCO 243\neustadt-mco243\src\main\resources
2016-02-22 14:37:10,672 [Worker-19] INFO  o.e.m.c.i.embedder.EclipseLogger - Using 'UTF-8' encoding to copy filtered resources.
2016-02-22 14:37:10,673 [Worker-19] INFO  o.e.m.c.i.embedder.EclipseLogger - skip non existing resourceDirectory C:\Users\Shaindy\workspace\MCO 243\neustadt-mco243\src\test\resources
2016-02-22 14:46:46,893 [Worker-24] INFO  o.e.m.c.i.embedder.EclipseLogger - Using 'UTF-8' encoding to copy filtered resources.
2016-02-22 14:46:46,894 [Worker-24] INFO  o.e.m.c.i.embedder.EclipseLogger - skip non existing resourceDirectory C:\Users\Shaindy\workspace\MCO 243\neustadt-mco243\src\main\resources
2016-02-22 14:46:46,896 [Worker-24] INFO  o.e.m.c.i.embedder.EclipseLogger - Using 'UTF-8' encoding to copy filtered resources.
2016-02-22 14:46:46,896 [Worker-24] INFO  o.e.m.c.i.embedder.EclipseLogger - skip non existing resourceDirectory C:\Users\Shaindy\workspace\MCO 243\neustadt-mco243\src\test\resources
2016-02-22 14:47:38,313 [Worker-31] INFO  o.e.m.c.i.embedder.EclipseLogger - Using 'UTF-8' encoding to copy filtered resources.
2016-02-22 14:47:38,313 [Worker-31] INFO  o.e.m.c.i.embedder.EclipseLogger - skip non existing resourceDirectory C:\Users\Shaindy\workspace\MCO 243\neustadt-mco243\src\main\resources
2016-02-22 14:47:38,315 [Worker-31] INFO  o.e.m.c.i.embedder.EclipseLogger - Using 'UTF-8' encoding to copy filtered resources.
2016-02-22 14:47:38,315 [Worker-31] INFO  o.e.m.c.i.embedder.EclipseLogger - skip non existing resourceDirectory C:\Users\Shaindy\workspace\MCO 243\neustadt-mco243\src\test\resources
2016-02-22 14:47:46,279 [Worker-29] INFO  o.e.m.c.i.embedder.EclipseLogger - Using 'UTF-8' encoding to copy filtered resources.
2016-02-22 14:47:46,280 [Worker-29] INFO  o.e.m.c.i.embedder.EclipseLogger - skip non existing resourceDirectory C:\Users\Shaindy\workspace\MCO 243\neustadt-mco243\src\main\resources
2016-02-22 14:47:46,282 [Worker-29] INFO  o.e.m.c.i.embedder.EclipseLogger - Using 'UTF-8' encoding to copy filtered resources.
2016-02-22 14:47:46,282 [Worker-29] INFO  o.e.m.c.i.embedder.EclipseLogger - skip non existing resourceDirectory C:\Users\Shaindy\workspace\MCO 243\neustadt-mco243\src\test\resources
2016-02-22 14:48:13,593 [Worker-29] INFO  o.e.m.c.i.embedder.EclipseLogger - Using 'UTF-8' encoding to copy filtered resources.
2016-02-22 14:48:13,593 [Worker-29] INFO  o.e.m.c.i.embedder.EclipseLogger - skip non existing resourceDirectory C:\Users\Shaindy\workspace\MCO 243\neustadt-mco243\src\main\resources
2016-02-22 14:48:13,595 [Worker-29] INFO  o.e.m.c.i.embedder.EclipseLogger - Using 'UTF-8' encoding to copy filtered resources.
2016-02-22 14:48:13,595 [Worker-29] INFO  o.e.m.c.i.embedder.EclipseLogger - skip non existing resourceDirectory C:\Users\Shaindy\workspace\MCO 243\neustadt-mco243\src\test\resources
2016-02-22 14:52:26,648 [Worker-31] INFO  o.e.m.c.i.embedder.EclipseLogger - Using 'UTF-8' encoding to copy filtered resources.
2016-02-22 14:52:26,648 [Worker-31] INFO  o.e.m.c.i.embedder.EclipseLogger - skip non existing resourceDirectory C:\Users\Shaindy\workspace\MCO 243\neustadt-mco243\src\main\resources
2016-02-22 14:52:26,649 [Worker-31] INFO  o.e.m.c.i.embedder.EclipseLogger - Using 'UTF-8' encoding to copy filtered resources.
2016-02-22 14:52:26,650 [Worker-31] INFO  o.e.m.c.i.embedder.EclipseLogger - skip non existing resourceDirectory C:\Users\Shaindy\workspace\MCO 243\neustadt-mco243\src\test\resources
2016-02-22 14:59:23,809 [Worker-37] INFO  o.e.m.c.i.embedder.EclipseLogger - Using 'UTF-8' encoding to copy filtered resources.
2016-02-22 14:59:23,810 [Worker-37] INFO  o.e.m.c.i.embedder.EclipseLogger - skip non existing resourceDirectory C:\Users\Shaindy\workspace\MCO 243\neustadt-mco243\src\main\resources
2016-02-22 14:59:23,811 [Worker-37] INFO  o.e.m.c.i.embedder.EclipseLogger - Using 'UTF-8' encoding to copy filtered resources.
2016-02-22 14:59:23,811 [Worker-37] INFO  o.e.m.c.i.embedder.EclipseLogger - skip non existing resourceDirectory C:\Users\Shaindy\workspace\MCO 243\neustadt-mco243\src\test\resources
2016-02-22 14:59:30,297 [Worker-37] INFO  o.e.m.c.i.embedder.EclipseLogger - Using 'UTF-8' encoding to copy filtered resources.
2016-02-22 14:59:30,297 [Worker-37] INFO  o.e.m.c.i.embedder.EclipseLogger - skip non existing resourceDirectory C:\Users\Shaindy\workspace\MCO 243\neustadt-mco243\src\main\resources
2016-02-22 14:59:30,299 [Worker-37] INFO  o.e.m.c.i.embedder.EclipseLogger - Using 'UTF-8' encoding to copy filtered resources.
2016-02-22 14:59:30,299 [Worker-37] INFO  o.e.m.c.i.embedder.EclipseLogger - skip non existing resourceDirectory C:\Users\Shaindy\workspace\MCO 243\neustadt-mco243\src\test\resources
2016-02-22 15:00:22,241 [Worker-30] INFO  o.e.m.c.i.embedder.EclipseLogger - Using 'UTF-8' encoding to copy filtered resources.
2016-02-22 15:00:22,242 [Worker-30] INFO  o.e.m.c.i.embedder.EclipseLogger - skip non existing resourceDirectory C:\Users\Shaindy\workspace\MCO 243\neustadt-mco243\src\main\resources
2016-02-22 15:00:22,246 [Worker-30] INFO  o.e.m.c.i.embedder.EclipseLogger - Using 'UTF-8' encoding to copy filtered resources.
2016-02-22 15:00:22,246 [Worker-30] INFO  o.e.m.c.i.embedder.EclipseLogger - skip non existing resourceDirectory C:\Users\Shaindy\workspace\MCO 243\neustadt-mco243\src\test\resources
2016-02-22 15:00:50,384 [Worker-38] INFO  o.e.m.c.i.embedder.EclipseLogger - Using 'UTF-8' encoding to copy filtered resources.
2016-02-22 15:00:50,385 [Worker-38] INFO  o.e.m.c.i.embedder.EclipseLogger - skip non existing resourceDirectory C:\Users\Shaindy\workspace\MCO 243\neustadt-mco243\src\main\resources
2016-02-22 15:00:50,386 [Worker-38] INFO  o.e.m.c.i.embedder.EclipseLogger - Using 'UTF-8' encoding to copy filtered resources.
2016-02-22 15:00:50,387 [Worker-38] INFO  o.e.m.c.i.embedder.EclipseLogger - skip non existing resourceDirectory C:\Users\Shaindy\workspace\MCO 243\neustadt-mco243\src\test\resources
2016-02-22 15:01:41,837 [Worker-36] INFO  o.e.m.c.i.embedder.EclipseLogger - Using 'UTF-8' encoding to copy filtered resources.
2016-02-22 15:01:41,838 [Worker-36] INFO  o.e.m.c.i.embedder.EclipseLogger - skip non existing resourceDirectory C:\Users\Shaindy\workspace\MCO 243\neustadt-mco243\src\main\resources
2016-02-22 15:01:41,839 [Worker-36] INFO  o.e.m.c.i.embedder.EclipseLogger - Using 'UTF-8' encoding to copy filtered resources.
2016-02-22 15:01:41,840 [Worker-36] INFO  o.e.m.c.i.embedder.EclipseLogger - skip non existing resourceDirectory C:\Users\Shaindy\workspace\MCO 243\neustadt-mco243\src\test\resources
2016-02-22 15:01:48,035 [Worker-36] INFO  o.e.m.c.i.embedder.EclipseLogger - Using 'UTF-8' encoding to copy filtered resources.
2016-02-22 15:01:48,036 [Worker-36] INFO  o.e.m.c.i.embedder.EclipseLogger - skip non existing resourceDirectory C:\Users\Shaindy\workspace\MCO 243\neustadt-mco243\src\main\resources
2016-02-22 15:01:48,038 [Worker-36] INFO  o.e.m.c.i.embedder.EclipseLogger - Using 'UTF-8' encoding to copy filtered resources.
2016-02-22 15:01:48,039 [Worker-36] INFO  o.e.m.c.i.embedder.EclipseLogger - skip non existing resourceDirectory C:\Users\Shaindy\workspace\MCO 243\neustadt-mco243\src\test\resources
2016-02-22 15:02:05,691 [Worker-30] INFO  o.e.m.c.i.embedder.EclipseLogger - Using 'UTF-8' encoding to copy filtered resources.
2016-02-22 15:02:05,691 [Worker-30] INFO  o.e.m.c.i.embedder.EclipseLogger - skip non existing resourceDirectory C:\Users\Shaindy\workspace\MCO 243\neustadt-mco243\src\main\resources
2016-02-22 15:02:05,693 [Worker-30] INFO  o.e.m.c.i.embedder.EclipseLogger - Using 'UTF-8' encoding to copy filtered resources.
2016-02-22 15:02:05,694 [Worker-30] INFO  o.e.m.c.i.embedder.EclipseLogger - skip non existing resourceDirectory C:\Users\Shaindy\workspace\MCO 243\neustadt-mco243\src\test\resources
2016-02-22 15:02:32,675 [Worker-39] INFO  o.e.m.c.i.embedder.EclipseLogger - Using 'UTF-8' encoding to copy filtered resources.
2016-02-22 15:02:32,675 [Worker-39] INFO  o.e.m.c.i.embedder.EclipseLogger - skip non existing resourceDirectory C:\Users\Shaindy\workspace\MCO 243\neustadt-mco243\src\main\resources
2016-02-22 15:02:32,676 [Worker-39] INFO  o.e.m.c.i.embedder.EclipseLogger - Using 'UTF-8' encoding to copy filtered resources.
2016-02-22 15:02:32,677 [Worker-39] INFO  o.e.m.c.i.embedder.EclipseLogger - skip non existing resourceDirectory C:\Users\Shaindy\workspace\MCO 243\neustadt-mco243\src\test\resources
2016-02-22 15:03:05,522 [Worker-40] INFO  o.e.m.c.i.embedder.EclipseLogger - Using 'UTF-8' encoding to copy filtered resources.
2016-02-22 15:03:05,522 [Worker-40] INFO  o.e.m.c.i.embedder.EclipseLogger - skip non existing resourceDirectory C:\Users\Shaindy\workspace\MCO 243\neustadt-mco243\src\main\resources
2016-02-22 15:03:05,524 [Worker-40] INFO  o.e.m.c.i.embedder.EclipseLogger - Using 'UTF-8' encoding to copy filtered resources.
2016-02-22 15:03:05,524 [Worker-40] INFO  o.e.m.c.i.embedder.EclipseLogger - skip non existing resourceDirectory C:\Users\Shaindy\workspace\MCO 243\neustadt-mco243\src\test\resources
2016-02-22 15:03:27,735 [Worker-37] INFO  o.e.m.c.i.embedder.EclipseLogger - Using 'UTF-8' encoding to copy filtered resources.
2016-02-22 15:03:27,736 [Worker-37] INFO  o.e.m.c.i.embedder.EclipseLogger - skip non existing resourceDirectory C:\Users\Shaindy\workspace\MCO 243\neustadt-mco243\src\main\resources
2016-02-22 15:03:27,737 [Worker-37] INFO  o.e.m.c.i.embedder.EclipseLogger - Using 'UTF-8' encoding to copy filtered resources.
2016-02-22 15:03:27,738 [Worker-37] INFO  o.e.m.c.i.embedder.EclipseLogger - skip non existing resourceDirectory C:\Users\Shaindy\workspace\MCO 243\neustadt-mco243\src\test\resources
2016-02-22 15:04:32,142 [Worker-40] INFO  o.e.m.c.i.embedder.EclipseLogger - Using 'UTF-8' encoding to copy filtered resources.
2016-02-22 15:04:32,142 [Worker-40] INFO  o.e.m.c.i.embedder.EclipseLogger - skip non existing resourceDirectory C:\Users\Shaindy\workspace\MCO 243\neustadt-mco243\src\main\resources
2016-02-22 15:04:32,145 [Worker-40] INFO  o.e.m.c.i.embedder.EclipseLogger - Using 'UTF-8' encoding to copy filtered resources.
2016-02-22 15:04:32,146 [Worker-40] INFO  o.e.m.c.i.embedder.EclipseLogger - skip non existing resourceDirectory C:\Users\Shaindy\workspace\MCO 243\neustadt-mco243\src\test\resources
2016-02-22 15:06:13,273 [Worker-39] INFO  o.e.m.c.i.embedder.EclipseLogger - Using 'UTF-8' encoding to copy filtered resources.
2016-02-22 15:06:13,273 [Worker-39] INFO  o.e.m.c.i.embedder.EclipseLogger - skip non existing resourceDirectory C:\Users\Shaindy\workspace\MCO 243\neustadt-mco243\src\main\resources
2016-02-22 15:06:13,275 [Worker-39] INFO  o.e.m.c.i.embedder.EclipseLogger - Using 'UTF-8' encoding to copy filtered resources.
2016-02-22 15:06:13,275 [Worker-39] INFO  o.e.m.c.i.embedder.EclipseLogger - skip non existing resourceDirectory C:\Users\Shaindy\workspace\MCO 243\neustadt-mco243\src\test\resources
2016-02-22 15:07:21,181 [Worker-41] INFO  o.e.m.c.i.embedder.EclipseLogger - Using 'UTF-8' encoding to copy filtered resources.
2016-02-22 15:07:21,181 [Worker-41] INFO  o.e.m.c.i.embedder.EclipseLogger - skip non existing resourceDirectory C:\Users\Shaindy\workspace\MCO 243\neustadt-mco243\src\main\resources
2016-02-22 15:07:21,182 [Worker-41] INFO  o.e.m.c.i.embedder.EclipseLogger - Using 'UTF-8' encoding to copy filtered resources.
2016-02-22 15:07:21,182 [Worker-41] INFO  o.e.m.c.i.embedder.EclipseLogger - skip non existing resourceDirectory C:\Users\Shaindy\workspace\MCO 243\neustadt-mco243\src\test\resources
2016-02-22 15:07:27,382 [Worker-36] INFO  o.e.m.c.i.embedder.EclipseLogger - Using 'UTF-8' encoding to copy filtered resources.
2016-02-22 15:07:27,382 [Worker-36] INFO  o.e.m.c.i.embedder.EclipseLogger - skip non existing resourceDirectory C:\Users\Shaindy\workspace\MCO 243\neustadt-mco243\src\main\resources
2016-02-22 15:07:27,383 [Worker-36] INFO  o.e.m.c.i.embedder.EclipseLogger - Using 'UTF-8' encoding to copy filtered resources.
2016-02-22 15:07:27,384 [Worker-36] INFO  o.e.m.c.i.embedder.EclipseLogger - skip non existing resourceDirectory C:\Users\Shaindy\workspace\MCO 243\neustadt-mco243\src\test\resources
2016-02-22 15:09:47,487 [Worker-38] INFO  o.e.m.c.i.embedder.EclipseLogger - Using 'UTF-8' encoding to copy filtered resources.
2016-02-22 15:09:47,488 [Worker-38] INFO  o.e.m.c.i.embedder.EclipseLogger - skip non existing resourceDirectory C:\Users\Shaindy\workspace\MCO 243\neustadt-mco243\src\main\resources
2016-02-22 15:09:47,489 [Worker-38] INFO  o.e.m.c.i.embedder.EclipseLogger - Using 'UTF-8' encoding to copy filtered resources.
2016-02-22 15:09:47,490 [Worker-38] INFO  o.e.m.c.i.embedder.EclipseLogger - skip non existing resourceDirectory C:\Users\Shaindy\workspace\MCO 243\neustadt-mco243\src\test\resources
2016-02-22 15:15:01,728 [Worker-43] INFO  o.e.m.c.i.embedder.EclipseLogger - Using 'UTF-8' encoding to copy filtered resources.
2016-02-22 15:15:01,728 [Worker-43] INFO  o.e.m.c.i.embedder.EclipseLogger - skip non existing resourceDirectory C:\Users\Shaindy\workspace\MCO 243\neustadt-mco243\src\main\resources
2016-02-22 15:15:01,729 [Worker-43] INFO  o.e.m.c.i.embedder.EclipseLogger - Using 'UTF-8' encoding to copy filtered resources.
2016-02-22 15:15:01,730 [Worker-43] INFO  o.e.m.c.i.embedder.EclipseLogger - skip non existing resourceDirectory C:\Users\Shaindy\workspace\MCO 243\neustadt-mco243\src\test\resources
